\BOOKMARK [1][-]{section.1}{Recap of COMP12111 \046 COMP15111}{}% 1
\BOOKMARK [2][-]{subsection.1.1}{Datapath and Control}{section.1}% 2
\BOOKMARK [2][-]{subsection.1.2}{The MU0 Instruction Set Architecture}{section.1}% 3
\BOOKMARK [2][-]{subsection.1.3}{Maintaining Processor State}{section.1}% 4
\BOOKMARK [2][-]{subsection.1.4}{The Fetch Execute Cycle}{section.1}% 5
\BOOKMARK [3][-]{subsubsection.1.4.1}{Fetching instructions}{subsection.1.4}% 6
\BOOKMARK [3][-]{subsubsection.1.4.2}{Executing instructions}{subsection.1.4}% 7
\BOOKMARK [3][-]{subsubsection.1.4.3}{Deriving the datapaths from the operation of instruction}{subsection.1.4}% 8
\BOOKMARK [2][-]{subsection.1.5}{Control Signals}{section.1}% 9
\BOOKMARK [1][-]{section.2}{What does an Operating System do?}{}% 10
\BOOKMARK [2][-]{subsection.2.1}{Processes}{section.2}% 11
\BOOKMARK [2][-]{subsection.2.2}{Address Space}{section.2}% 12
\BOOKMARK [2][-]{subsection.2.3}{Modes of operation}{section.2}% 13
\BOOKMARK [3][-]{subsubsection.2.3.1}{System calls}{subsection.2.3}% 14
\BOOKMARK [1][-]{section.3}{Engineering an Operating System}{}% 15
\BOOKMARK [2][-]{subsection.3.1}{Managing processes}{section.3}% 16
\BOOKMARK [3][-]{subsubsection.3.1.1}{Scheduling}{subsection.3.1}% 17
\BOOKMARK [3][-]{subsubsection.3.1.2}{Context switching}{subsection.3.1}% 18
\BOOKMARK [1][-]{section.4}{Synchronisation}{}% 19
\BOOKMARK [2][-]{subsection.4.1}{Semaphores}{section.4}% 20
\BOOKMARK [2][-]{subsection.4.2}{Deadlock}{section.4}% 21
\BOOKMARK [1][-]{section.5}{Java Threads}{}% 22
\BOOKMARK [2][-]{subsection.5.1}{The synchronized keyword}{section.5}% 23
