\BOOKMARK [1][-]{section.1}{Course intro}{}% 1
\BOOKMARK [2][-]{subsection.1.1}{What's in a smartphone?}{section.1}% 2
\BOOKMARK [1][-]{section.2}{Signals in mobile systems}{}% 3
\BOOKMARK [2][-]{subsection.2.1}{Generating waves}{section.2}% 4
\BOOKMARK [2][-]{subsection.2.2}{Sampling waves}{section.2}% 5
\BOOKMARK [3][-]{subsubsection.2.2.1}{The Sampling Theorem}{subsection.2.2}% 6
\BOOKMARK [3][-]{subsubsection.2.2.2}{Aliasing}{subsection.2.2}% 7
\BOOKMARK [2][-]{subsection.2.3}{Decibels}{section.2}% 8
\BOOKMARK [1][-]{section.3}{Encoding and storing signals}{}% 9
\BOOKMARK [2][-]{subsection.3.1}{Bitrates in different settings}{section.3}% 10
\BOOKMARK [2][-]{subsection.3.2}{Quantisation}{section.3}% 11
\BOOKMARK [3][-]{subsubsection.3.2.1}{Quantisation error}{subsection.3.2}% 12
\BOOKMARK [2][-]{subsection.3.3}{Differential encoding}{section.3}% 13
\BOOKMARK [2][-]{subsection.3.4}{Linear Predictive Speech Coding}{section.3}% 14
\BOOKMARK [3][-]{subsubsection.3.4.1}{LPC-10}{subsection.3.4}% 15
\BOOKMARK [3][-]{subsubsection.3.4.2}{Codebook Excited LPC}{subsection.3.4}% 16
\BOOKMARK [2][-]{subsection.3.5}{Comfort noise}{section.3}% 17
\BOOKMARK [2][-]{subsection.3.6}{Error correction, detection \046 prevention}{section.3}% 18
\BOOKMARK [3][-]{subsubsection.3.6.1}{Forward Error Correction}{subsection.3.6}% 19
\BOOKMARK [3][-]{subsubsection.3.6.2}{CRC checks}{subsection.3.6}% 20
\BOOKMARK [3][-]{subsubsection.3.6.3}{Convolutional Coders}{subsection.3.6}% 21
\BOOKMARK [3][-]{subsubsection.3.6.4}{Miscellaneous FEC stuff}{subsection.3.6}% 22
\BOOKMARK [1][-]{section.4}{Mobile networks}{}% 23
\BOOKMARK [2][-]{subsection.4.1}{Cellular networks}{section.4}% 24
\BOOKMARK [3][-]{subsubsection.4.1.1}{The evolution of cellular technologies}{subsection.4.1}% 25
\BOOKMARK [3][-]{subsubsection.4.1.2}{Multiplexing in detail}{subsection.4.1}% 26
\BOOKMARK [1][-]{section.5}{Frequency Domain Processing}{}% 27
\BOOKMARK [2][-]{subsubsection.5.0.3}{Sinusoids}{section.5}% 28
\BOOKMARK [3][-]{subsubsection.5.0.4}{Fourier Series}{subsubsection.5.0.3}% 29
\BOOKMARK [3][-]{subsubsection.5.0.5}{Discrete Fourier Transform \(iDFT\)}{subsubsection.5.0.3}% 30
\BOOKMARK [2][-]{subsection.5.1}{Wav files}{section.5}% 31
