\BOOKMARK [1][-]{section.1}{Machine Learning}{}% 1
\BOOKMARK [1][-]{section.2}{Nearest Neighbour Classifier}{}% 2
\BOOKMARK [2][-]{subsection.2.1}{Finding the distance between two n-dimensional points}{section.2}% 3
\BOOKMARK [2][-]{subsection.2.2}{Computing the nearest neighbour}{section.2}% 4
\BOOKMARK [2][-]{subsection.2.3}{Multiple nearest neighbours \(K-NN\)}{section.2}% 5
\BOOKMARK [2][-]{subsection.2.4}{Overfitting}{section.2}% 6
\BOOKMARK [1][-]{section.3}{Linear Classifier}{}% 7
\BOOKMARK [1][-]{section.4}{Perceptron}{}% 8
\BOOKMARK [2][-]{subsection.4.1}{Multilayer Perceptrons \(MLP\)}{section.4}% 9
\BOOKMARK [1][-]{section.5}{Decision trees}{}% 10
\BOOKMARK [2][-]{subsection.5.1}{Building a decision tree}{section.5}% 11
\BOOKMARK [3][-]{subsubsection.5.1.1}{Entropy}{subsection.5.1}% 12
\BOOKMARK [2][-]{subsection.5.2}{Overfitting decision trees}{section.5}% 13
\BOOKMARK [1][-]{section.6}{Learning experiments in Machine Learning}{}% 14
\BOOKMARK [2][-]{subsection.6.1}{Cross validation}{section.6}% 15
\BOOKMARK [2][-]{subsection.6.2}{Dealing with misclassifications}{section.6}% 16
\BOOKMARK [1][-]{section.7}{Ke Chen's types of classifiers}{}% 17
\BOOKMARK [1][-]{section.8}{Naive Bayes Classifier}{}% 18
\BOOKMARK [1][-]{section.9}{Clustering Analysis}{}% 19
\BOOKMARK [2][-]{subsection.9.1}{Representing data}{section.9}% 20
\BOOKMARK [3][-]{subsubsection.9.1.1}{Data matrix}{subsection.9.1}% 21
\BOOKMARK [3][-]{subsubsection.9.1.2}{Distance matrix}{subsection.9.1}% 22
\BOOKMARK [3][-]{subsubsection.9.1.3}{Cosine Similarity}{subsection.9.1}% 23
\BOOKMARK [3][-]{subsubsection.9.1.4}{Measuring the distance of binary features}{subsection.9.1}% 24
\BOOKMARK [2][-]{subsection.9.2}{Distance for nominal features}{section.9}% 25
\BOOKMARK [2][-]{subsection.9.3}{Clustering approaches}{section.9}% 26
\BOOKMARK [3][-]{subsubsection.9.3.1}{K-means clustering}{subsection.9.3}% 27
