\BOOKMARK [1][-]{section.1}{Distributed computing}{}% 1
\BOOKMARK [1][-]{section.2}{Parallelising processes}{}% 2
\BOOKMARK [2][-]{subsection.2.1}{Finding parallelisable portions of a program}{section.2}% 3
\BOOKMARK [1][-]{section.3}{Architectures of distributed systems}{}% 4
\BOOKMARK [2][-]{subsection.3.1}{Distributed Shared Memory}{section.3}% 5
\BOOKMARK [2][-]{subsection.3.2}{Loosely coupled architectures}{section.3}% 6
\BOOKMARK [3][-]{subsubsection.3.2.1}{Client-Server model}{subsection.3.2}% 7
\BOOKMARK [3][-]{subsubsection.3.2.2}{Peer to Peer \(P2P\) model}{subsection.3.2}% 8
\BOOKMARK [1][-]{section.4}{Remote Procedure Calls and Remote Method Invocation \(RPC \046 RMI\)}{}% 9
\BOOKMARK [2][-]{subsection.4.1}{Interface Definition Languages}{section.4}% 10
\BOOKMARK [3][-]{subsubsection.4.1.1}{Parameter passing}{subsection.4.1}% 11
\BOOKMARK [2][-]{subsection.4.2}{Connecting and binding to an RPC server}{section.4}% 12
\BOOKMARK [3][-]{subsubsection.4.2.1}{Name resolution}{subsection.4.2}% 13
\BOOKMARK [1][-]{section.5}{LDAP}{}% 14
\BOOKMARK [1][-]{section.6}{Time and clocks}{}% 15
\BOOKMARK [2][-]{subsection.6.1}{UTC}{section.6}% 16
\BOOKMARK [2][-]{subsection.6.2}{Setting times}{section.6}% 17
\BOOKMARK [2][-]{subsection.6.3}{Logical time}{section.6}% 18
\BOOKMARK [1][-]{section.7}{Elections, coordination and agreement}{}% 19
\BOOKMARK [2][-]{subsection.7.1}{Elections}{section.7}% 20
\BOOKMARK [3][-]{subsubsection.7.1.1}{Ring-based election algorithm}{subsection.7.1}% 21
\BOOKMARK [3][-]{subsubsection.7.1.2}{Bully algorithm}{subsection.7.1}% 22
\BOOKMARK [2][-]{subsection.7.2}{Transactions}{section.7}% 23
\BOOKMARK [3][-]{subsubsection.7.2.1}{The Two Generals' Problem}{subsection.7.2}% 24
\BOOKMARK [3][-]{subsubsection.7.2.2}{Redundancy}{subsection.7.2}% 25
\BOOKMARK [3][-]{subsubsection.7.2.3}{ACID}{subsection.7.2}% 26
\BOOKMARK [3][-]{subsubsection.7.2.4}{Implementing transactions}{subsection.7.2}% 27
\BOOKMARK [3][-]{subsubsection.7.2.5}{Transaction recovery}{subsection.7.2}% 28
\BOOKMARK [3][-]{subsubsection.7.2.6}{Distributed transactions}{subsection.7.2}% 29
