\BOOKMARK [1][-]{section.1}{Keys and total orders}{}% 1
\BOOKMARK [1][-]{section.2}{Trees}{}% 2
\BOOKMARK [2][-]{subsection.2.1}{Definition}{section.2}% 3
\BOOKMARK [2][-]{subsection.2.2}{Tree algorithms}{section.2}% 4
\BOOKMARK [3][-]{subsubsection.2.2.1}{Depth of a node}{subsection.2.2}% 5
\BOOKMARK [2][-]{subsection.2.3}{Height of a tree}{section.2}% 6
\BOOKMARK [3][-]{subsubsection.2.3.1}{Tree traversal}{subsection.2.3}% 7
\BOOKMARK [2][-]{subsection.2.4}{Tree datastructures}{section.2}% 8
\BOOKMARK [3][-]{subsubsection.2.4.1}{Using a vector based datastructure for trees}{subsection.2.4}% 9
\BOOKMARK [3][-]{subsubsection.2.4.2}{Using linked nodes to form a tree datastructure}{subsection.2.4}% 10
\BOOKMARK [1][-]{section.3}{Priority Queues}{}% 11
\BOOKMARK [2][-]{subsection.3.1}{Heaps}{section.3}% 12
\BOOKMARK [3][-]{subsubsection.3.1.1}{Insertion}{subsection.3.1}% 13
\BOOKMARK [3][-]{subsubsection.3.1.2}{Removal}{subsection.3.1}% 14
\BOOKMARK [3][-]{subsubsection.3.1.3}{Heap sort}{subsection.3.1}% 15
\BOOKMARK [1][-]{section.4}{Dictionaries and Hash Tables}{}% 16
\BOOKMARK [2][-]{subsection.4.1}{Collision handling}{section.4}% 17
\BOOKMARK [3][-]{subsubsection.4.1.1}{Probing}{subsection.4.1}% 18
\BOOKMARK [1][-]{section.5}{Ordered Dictionaries}{}% 19
\BOOKMARK [2][-]{subsection.5.1}{Lookup tables}{section.5}% 20
\BOOKMARK [3][-]{subsubsection.5.1.1}{Binary Search}{subsection.5.1}% 21
\BOOKMARK [1][-]{section.6}{Binary Trees}{}% 22
\BOOKMARK [2][-]{subsection.6.1}{AVL Trees}{section.6}% 23
\BOOKMARK [3][-]{subsubsection.6.1.1}{AVL tree insertion}{subsection.6.1}% 24
\BOOKMARK [3][-]{subsubsection.6.1.2}{AVL tree removal}{subsection.6.1}% 25
\BOOKMARK [1][-]{section.7}{Problem solving}{}% 26
\BOOKMARK [2][-]{subsection.7.1}{Divide and Conquer}{section.7}% 27
\BOOKMARK [3][-]{subsubsection.7.1.1}{D\046C Example}{subsection.7.1}% 28
\BOOKMARK [2][-]{subsection.7.2}{Greedy method}{section.7}% 29
\BOOKMARK [2][-]{subsection.7.3}{Dynamic programming}{section.7}% 30
\BOOKMARK [1][-]{section.8}{Misc figures}{}% 31
\BOOKMARK [2][-]{subsection.8.1}{Tractable and Intractable Problems}{section.8}% 32
\BOOKMARK [1][-]{section.9}{Graphs}{}% 33
\BOOKMARK [2][-]{subsection.9.1}{Representing graphs}{section.9}% 34
\BOOKMARK [2][-]{subsection.9.2}{Algorithms}{section.9}% 35
\BOOKMARK [3][-]{subsubsection.9.2.1}{Depth and Breadth First Search and Priority Search}{subsection.9.2}% 36
\BOOKMARK [3][-]{subsubsection.9.2.2}{Dijkstra's}{subsection.9.2}% 37
\BOOKMARK [3][-]{subsubsection.9.2.3}{Dijkstra's vs Floyd}{subsection.9.2}% 38
