\BOOKMARK [1][-]{section.1}{Setting the stage}{}% 1
\BOOKMARK [2][-]{subsection.1.1}{Decision problems}{section.1}% 2
\BOOKMARK [3][-]{subsubsection.1.1.1}{Decidable problems}{subsection.1.1}% 3
\BOOKMARK [2][-]{subsection.1.2}{Mappings}{section.1}% 4
\BOOKMARK [2][-]{subsection.1.3}{Binary relations}{section.1}% 5
\BOOKMARK [2][-]{subsection.1.4}{Orders}{section.1}% 6
\BOOKMARK [2][-]{subsection.1.5}{Directed graphs}{section.1}% 7
\BOOKMARK [3][-]{subsubsection.1.5.1}{Directed Acyclic Graphs \(DAG's\)}{subsection.1.5}% 8
\BOOKMARK [1][-]{section.2}{Propositional logic}{}% 9
\BOOKMARK [2][-]{subsection.2.1}{Subformulae}{section.2}% 10
\BOOKMARK [1][-]{section.3}{Evaluating formulae}{}% 11
\BOOKMARK [2][-]{subsection.3.1}{Rewrite rules}{section.3}% 12
\BOOKMARK [2][-]{subsection.3.2}{Circuits}{section.3}% 13
\BOOKMARK [1][-]{section.4}{Satisfiability}{}% 14
\BOOKMARK [2][-]{subsection.4.1}{Signed Formulae}{section.4}% 15
\BOOKMARK [2][-]{subsection.4.2}{Splitting}{section.4}% 16
\BOOKMARK [1][-]{section.5}{CNF}{}% 17
\BOOKMARK [1][-]{section.6}{Definitional Clausal Form Translation}{}% 18
\BOOKMARK [1][-]{section.7}{DPLL}{}% 19
\BOOKMARK [1][-]{section.8}{Encoding problems in SAT}{}% 20
\BOOKMARK [1][-]{section.9}{Randomly generated clause sets}{}% 21
\BOOKMARK [1][-]{section.10}{Randomised algorithms for satisfiability checking}{}% 22
\BOOKMARK [1][-]{section.11}{Signed Formulae}{}% 23
\BOOKMARK [2][-]{subsection.11.1}{Finding a model of a specifiable formula}{section.11}% 24
\BOOKMARK [2][-]{subsection.11.2}{Tabelau}{section.11}% 25
\BOOKMARK [3][-]{subsubsection.11.2.1}{Branch expansions}{subsection.11.2}% 26
